{"/home/lyes/workspace/ynov/methodo_test/MachineACaf-_YNOV_M1_Lyon_2024/dist/src/MachineACafé.js": {"path":"/home/lyes/workspace/ynov/methodo_test/MachineACaf-_YNOV_M1_Lyon_2024/dist/src/MachineACafé.js","statementMap":{"0":{"start":{"line":2,"column":0},"end":{"line":2,"column":62}},"1":{"start":{"line":3,"column":0},"end":{"line":3,"column":30}},"2":{"start":{"line":4,"column":16},"end":{"line":4,"column":39}},"3":{"start":{"line":7,"column":8},"end":{"line":7,"column":42}},"4":{"start":{"line":8,"column":8},"end":{"line":8,"column":30}},"5":{"start":{"line":9,"column":8},"end":{"line":11,"column":11}},"6":{"start":{"line":10,"column":12},"end":{"line":10,"column":55}},"7":{"start":{"line":15,"column":8},"end":{"line":15,"column":34}},"8":{"start":{"line":18,"column":8},"end":{"line":19,"column":19}},"9":{"start":{"line":19,"column":12},"end":{"line":19,"column":19}},"10":{"start":{"line":20,"column":8},"end":{"line":20,"column":37}},"11":{"start":{"line":21,"column":8},"end":{"line":21,"column":60}},"12":{"start":{"line":24,"column":8},"end":{"line":24,"column":51}},"13":{"start":{"line":27,"column":0},"end":{"line":27,"column":36}},"14":{"start":{"line":28,"column":0},"end":{"line":28,"column":58}}},"fnMap":{"0":{"name":"(anonymous_0)","decl":{"start":{"line":6,"column":4},"end":{"line":6,"column":5}},"loc":{"start":{"line":6,"column":26},"end":{"line":16,"column":5}},"line":6},"1":{"name":"(anonymous_1)","decl":{"start":{"line":9,"column":47},"end":{"line":9,"column":48}},"loc":{"start":{"line":9,"column":60},"end":{"line":11,"column":9}},"line":9},"2":{"name":"(anonymous_2)","decl":{"start":{"line":17,"column":4},"end":{"line":17,"column":5}},"loc":{"start":{"line":17,"column":19},"end":{"line":22,"column":5}},"line":17},"3":{"name":"(anonymous_3)","decl":{"start":{"line":23,"column":4},"end":{"line":23,"column":5}},"loc":{"start":{"line":23,"column":27},"end":{"line":25,"column":5}},"line":23}},"branchMap":{"0":{"loc":{"start":{"line":18,"column":8},"end":{"line":19,"column":19}},"type":"if","locations":[{"start":{"line":18,"column":8},"end":{"line":19,"column":19}},{"start":{},"end":{}}],"line":18}},"s":{"0":1,"1":1,"2":1,"3":11,"4":11,"5":11,"6":11,"7":11,"8":11,"9":5,"10":6,"11":6,"12":0,"13":1,"14":1},"f":{"0":11,"1":11,"2":11,"3":0},"b":{"0":[5,6]},"inputSourceMap":null,"_coverageSchema":"1a1c01bbd47fc00a2c39e90264f33305004495a9","hash":"df4c2a5fe6af987728c29e0c6f305f8812e3353a"}
,"/home/lyes/workspace/ynov/methodo_test/MachineACaf-_YNOV_M1_Lyon_2024/dist/src/Pièce.js": {"path":"/home/lyes/workspace/ynov/methodo_test/MachineACaf-_YNOV_M1_Lyon_2024/dist/src/Pièce.js","statementMap":{"0":{"start":{"line":2,"column":0},"end":{"line":2,"column":62}},"1":{"start":{"line":3,"column":0},"end":{"line":3,"column":23}},"2":{"start":{"line":6,"column":8},"end":{"line":6,"column":29}},"3":{"start":{"line":9,"column":8},"end":{"line":9,"column":32}},"4":{"start":{"line":12,"column":8},"end":{"line":12,"column":49}},"5":{"start":{"line":15,"column":8},"end":{"line":15,"column":48}},"6":{"start":{"line":18,"column":8},"end":{"line":37,"column":9}},"7":{"start":{"line":20,"column":16},"end":{"line":20,"column":39}},"8":{"start":{"line":22,"column":16},"end":{"line":22,"column":42}},"9":{"start":{"line":24,"column":16},"end":{"line":24,"column":42}},"10":{"start":{"line":26,"column":16},"end":{"line":26,"column":41}},"11":{"start":{"line":28,"column":16},"end":{"line":28,"column":43}},"12":{"start":{"line":30,"column":16},"end":{"line":30,"column":47}},"13":{"start":{"line":32,"column":16},"end":{"line":32,"column":36}},"14":{"start":{"line":34,"column":16},"end":{"line":34,"column":39}},"15":{"start":{"line":36,"column":16},"end":{"line":36,"column":34}},"16":{"start":{"line":40,"column":0},"end":{"line":40,"column":22}},"17":{"start":{"line":41,"column":0},"end":{"line":41,"column":33}},"18":{"start":{"line":42,"column":0},"end":{"line":42,"column":30}},"19":{"start":{"line":43,"column":0},"end":{"line":43,"column":40}},"20":{"start":{"line":44,"column":0},"end":{"line":44,"column":36}},"21":{"start":{"line":45,"column":0},"end":{"line":45,"column":34}},"22":{"start":{"line":46,"column":0},"end":{"line":46,"column":34}},"23":{"start":{"line":47,"column":0},"end":{"line":47,"column":34}},"24":{"start":{"line":48,"column":0},"end":{"line":48,"column":31}}},"fnMap":{"0":{"name":"(anonymous_0)","decl":{"start":{"line":5,"column":4},"end":{"line":5,"column":5}},"loc":{"start":{"line":5,"column":17},"end":{"line":7,"column":5}},"line":5},"1":{"name":"(anonymous_1)","decl":{"start":{"line":8,"column":4},"end":{"line":8,"column":5}},"loc":{"start":{"line":8,"column":25},"end":{"line":10,"column":5}},"line":8},"2":{"name":"(anonymous_2)","decl":{"start":{"line":11,"column":4},"end":{"line":11,"column":5}},"loc":{"start":{"line":11,"column":29},"end":{"line":13,"column":5}},"line":11},"3":{"name":"(anonymous_3)","decl":{"start":{"line":14,"column":4},"end":{"line":14,"column":5}},"loc":{"start":{"line":14,"column":15},"end":{"line":16,"column":5}},"line":14},"4":{"name":"(anonymous_4)","decl":{"start":{"line":17,"column":4},"end":{"line":17,"column":5}},"loc":{"start":{"line":17,"column":26},"end":{"line":38,"column":5}},"line":17}},"branchMap":{"0":{"loc":{"start":{"line":18,"column":8},"end":{"line":37,"column":9}},"type":"switch","locations":[{"start":{"line":19,"column":12},"end":{"line":20,"column":39}},{"start":{"line":21,"column":12},"end":{"line":22,"column":42}},{"start":{"line":23,"column":12},"end":{"line":24,"column":42}},{"start":{"line":25,"column":12},"end":{"line":26,"column":41}},{"start":{"line":27,"column":12},"end":{"line":28,"column":43}},{"start":{"line":29,"column":12},"end":{"line":30,"column":47}},{"start":{"line":31,"column":12},"end":{"line":32,"column":36}},{"start":{"line":33,"column":12},"end":{"line":34,"column":39}},{"start":{"line":35,"column":12},"end":{"line":36,"column":34}}],"line":18}},"s":{"0":1,"1":1,"2":20,"3":8,"4":11,"5":8,"6":11,"7":1,"8":1,"9":1,"10":1,"11":1,"12":4,"13":1,"14":1,"15":0,"16":1,"17":1,"18":1,"19":1,"20":1,"21":1,"22":1,"23":1,"24":1},"f":{"0":20,"1":8,"2":11,"3":8,"4":11},"b":{"0":[1,1,1,1,1,4,1,1,0]},"inputSourceMap":null,"_coverageSchema":"1a1c01bbd47fc00a2c39e90264f33305004495a9","hash":"b3f4799ca598c7af2196849feae02897249da9bb"}
,"/home/lyes/workspace/ynov/methodo_test/MachineACaf-_YNOV_M1_Lyon_2024/dist/src/hardware/hardware.interface.js": {"path":"/home/lyes/workspace/ynov/methodo_test/MachineACaf-_YNOV_M1_Lyon_2024/dist/src/hardware/hardware.interface.js","statementMap":{"0":{"start":{"line":2,"column":0},"end":{"line":2,"column":62}},"1":{"start":{"line":3,"column":0},"end":{"line":3,"column":49}},"2":{"start":{"line":5,"column":0},"end":{"line":10,"column":60}},"3":{"start":{"line":6,"column":4},"end":{"line":6,"column":60}},"4":{"start":{"line":7,"column":4},"end":{"line":7,"column":60}},"5":{"start":{"line":8,"column":4},"end":{"line":8,"column":58}},"6":{"start":{"line":9,"column":4},"end":{"line":9,"column":84}},"7":{"start":{"line":12,"column":0},"end":{"line":21,"column":54}},"8":{"start":{"line":13,"column":4},"end":{"line":13,"column":54}},"9":{"start":{"line":14,"column":4},"end":{"line":14,"column":56}},"10":{"start":{"line":15,"column":4},"end":{"line":15,"column":58}},"11":{"start":{"line":16,"column":4},"end":{"line":16,"column":57}},"12":{"start":{"line":17,"column":4},"end":{"line":17,"column":63}},"13":{"start":{"line":18,"column":4},"end":{"line":18,"column":61}},"14":{"start":{"line":19,"column":4},"end":{"line":19,"column":56}},"15":{"start":{"line":20,"column":4},"end":{"line":20,"column":58}}},"fnMap":{"0":{"name":"(anonymous_0)","decl":{"start":{"line":5,"column":1},"end":{"line":5,"column":2}},"loc":{"start":{"line":5,"column":24},"end":{"line":10,"column":1}},"line":5},"1":{"name":"(anonymous_1)","decl":{"start":{"line":12,"column":1},"end":{"line":12,"column":2}},"loc":{"start":{"line":12,"column":22},"end":{"line":21,"column":1}},"line":12}},"branchMap":{"0":{"loc":{"start":{"line":10,"column":3},"end":{"line":10,"column":58}},"type":"binary-expr","locations":[{"start":{"line":10,"column":3},"end":{"line":10,"column":14}},{"start":{"line":10,"column":19},"end":{"line":10,"column":57}}],"line":10},"1":{"loc":{"start":{"line":21,"column":3},"end":{"line":21,"column":52}},"type":"binary-expr","locations":[{"start":{"line":21,"column":3},"end":{"line":21,"column":12}},{"start":{"line":21,"column":17},"end":{"line":21,"column":51}}],"line":21}},"s":{"0":1,"1":1,"2":1,"3":1,"4":1,"5":1,"6":1,"7":1,"8":1,"9":1,"10":1,"11":1,"12":1,"13":1,"14":1,"15":1},"f":{"0":1,"1":1},"b":{"0":[1,1],"1":[1,1]},"inputSourceMap":null,"_coverageSchema":"1a1c01bbd47fc00a2c39e90264f33305004495a9","hash":"98c4246569d4da97dc47bacf688484f2c478fe71"}
,"/home/lyes/workspace/ynov/methodo_test/MachineACaf-_YNOV_M1_Lyon_2024/dist/test/utilities/HardwareDummy.js": {"path":"/home/lyes/workspace/ynov/methodo_test/MachineACaf-_YNOV_M1_Lyon_2024/dist/test/utilities/HardwareDummy.js","statementMap":{"0":{"start":{"line":2,"column":0},"end":{"line":2,"column":62}},"1":{"start":{"line":3,"column":0},"end":{"line":3,"column":31}},"2":{"start":{"line":6,"column":8},"end":{"line":6,"column":51}},"3":{"start":{"line":9,"column":8},"end":{"line":9,"column":51}},"4":{"start":{"line":12,"column":8},"end":{"line":12,"column":51}},"5":{"start":{"line":15,"column":8},"end":{"line":15,"column":51}},"6":{"start":{"line":18,"column":8},"end":{"line":18,"column":51}},"7":{"start":{"line":21,"column":8},"end":{"line":21,"column":51}},"8":{"start":{"line":24,"column":8},"end":{"line":24,"column":51}},"9":{"start":{"line":27,"column":8},"end":{"line":27,"column":51}},"10":{"start":{"line":30,"column":8},"end":{"line":30,"column":51}},"11":{"start":{"line":33,"column":8},"end":{"line":33,"column":51}},"12":{"start":{"line":36,"column":8},"end":{"line":36,"column":51}},"13":{"start":{"line":39,"column":8},"end":{"line":39,"column":51}},"14":{"start":{"line":42,"column":8},"end":{"line":42,"column":51}},"15":{"start":{"line":45,"column":8},"end":{"line":45,"column":51}},"16":{"start":{"line":48,"column":8},"end":{"line":48,"column":51}},"17":{"start":{"line":51,"column":8},"end":{"line":51,"column":51}},"18":{"start":{"line":54,"column":8},"end":{"line":54,"column":51}},"19":{"start":{"line":57,"column":8},"end":{"line":57,"column":51}},"20":{"start":{"line":60,"column":8},"end":{"line":60,"column":51}},"21":{"start":{"line":63,"column":0},"end":{"line":63,"column":38}}},"fnMap":{"0":{"name":"(anonymous_0)","decl":{"start":{"line":5,"column":4},"end":{"line":5,"column":5}},"loc":{"start":{"line":5,"column":41},"end":{"line":7,"column":5}},"line":5},"1":{"name":"(anonymous_1)","decl":{"start":{"line":8,"column":4},"end":{"line":8,"column":5}},"loc":{"start":{"line":8,"column":38},"end":{"line":10,"column":5}},"line":8},"2":{"name":"(anonymous_2)","decl":{"start":{"line":11,"column":4},"end":{"line":11,"column":5}},"loc":{"start":{"line":11,"column":44},"end":{"line":13,"column":5}},"line":11},"3":{"name":"(anonymous_3)","decl":{"start":{"line":14,"column":4},"end":{"line":14,"column":5}},"loc":{"start":{"line":14,"column":28},"end":{"line":16,"column":5}},"line":14},"4":{"name":"(anonymous_4)","decl":{"start":{"line":17,"column":4},"end":{"line":17,"column":5}},"loc":{"start":{"line":17,"column":20},"end":{"line":19,"column":5}},"line":17},"5":{"name":"(anonymous_5)","decl":{"start":{"line":20,"column":4},"end":{"line":20,"column":5}},"loc":{"start":{"line":20,"column":33},"end":{"line":22,"column":5}},"line":20},"6":{"name":"(anonymous_6)","decl":{"start":{"line":23,"column":4},"end":{"line":23,"column":5}},"loc":{"start":{"line":23,"column":34},"end":{"line":25,"column":5}},"line":23},"7":{"name":"(anonymous_7)","decl":{"start":{"line":26,"column":4},"end":{"line":26,"column":5}},"loc":{"start":{"line":26,"column":44},"end":{"line":28,"column":5}},"line":26},"8":{"name":"(anonymous_8)","decl":{"start":{"line":29,"column":4},"end":{"line":29,"column":5}},"loc":{"start":{"line":29,"column":23},"end":{"line":31,"column":5}},"line":29},"9":{"name":"(anonymous_9)","decl":{"start":{"line":32,"column":4},"end":{"line":32,"column":5}},"loc":{"start":{"line":32,"column":25},"end":{"line":34,"column":5}},"line":32},"10":{"name":"(anonymous_10)","decl":{"start":{"line":35,"column":4},"end":{"line":35,"column":5}},"loc":{"start":{"line":35,"column":19},"end":{"line":37,"column":5}},"line":35},"11":{"name":"(anonymous_11)","decl":{"start":{"line":38,"column":4},"end":{"line":38,"column":5}},"loc":{"start":{"line":38,"column":17},"end":{"line":40,"column":5}},"line":38},"12":{"name":"(anonymous_12)","decl":{"start":{"line":41,"column":4},"end":{"line":41,"column":5}},"loc":{"start":{"line":41,"column":44},"end":{"line":43,"column":5}},"line":41},"13":{"name":"(anonymous_13)","decl":{"start":{"line":44,"column":4},"end":{"line":44,"column":5}},"loc":{"start":{"line":44,"column":35},"end":{"line":46,"column":5}},"line":44},"14":{"name":"(anonymous_14)","decl":{"start":{"line":47,"column":4},"end":{"line":47,"column":5}},"loc":{"start":{"line":47,"column":18},"end":{"line":49,"column":5}},"line":47},"15":{"name":"(anonymous_15)","decl":{"start":{"line":50,"column":4},"end":{"line":50,"column":5}},"loc":{"start":{"line":50,"column":19},"end":{"line":52,"column":5}},"line":50},"16":{"name":"(anonymous_16)","decl":{"start":{"line":53,"column":4},"end":{"line":53,"column":5}},"loc":{"start":{"line":53,"column":15},"end":{"line":55,"column":5}},"line":53},"17":{"name":"(anonymous_17)","decl":{"start":{"line":56,"column":4},"end":{"line":56,"column":5}},"loc":{"start":{"line":56,"column":16},"end":{"line":58,"column":5}},"line":56},"18":{"name":"(anonymous_18)","decl":{"start":{"line":59,"column":4},"end":{"line":59,"column":5}},"loc":{"start":{"line":59,"column":16},"end":{"line":61,"column":5}},"line":59}},"branchMap":{},"s":{"0":1,"1":1,"2":0,"3":0,"4":0,"5":0,"6":0,"7":0,"8":0,"9":0,"10":0,"11":0,"12":0,"13":0,"14":0,"15":0,"16":0,"17":0,"18":0,"19":0,"20":0,"21":1},"f":{"0":0,"1":0,"2":0,"3":0,"4":0,"5":0,"6":0,"7":0,"8":0,"9":0,"10":0,"11":0,"12":0,"13":0,"14":0,"15":0,"16":0,"17":0,"18":0},"b":{},"inputSourceMap":null,"_coverageSchema":"1a1c01bbd47fc00a2c39e90264f33305004495a9","hash":"2b3ce1dfb1d84e4e5952bc83ab9222ee6f6243b9"}
,"/home/lyes/workspace/ynov/methodo_test/MachineACaf-_YNOV_M1_Lyon_2024/dist/test/utilities/HardwareFake.js": {"path":"/home/lyes/workspace/ynov/methodo_test/MachineACaf-_YNOV_M1_Lyon_2024/dist/test/utilities/HardwareFake.js","statementMap":{"0":{"start":{"line":2,"column":0},"end":{"line":2,"column":62}},"1":{"start":{"line":3,"column":0},"end":{"line":3,"column":30}},"2":{"start":{"line":4,"column":24},"end":{"line":4,"column":50}},"3":{"start":{"line":7,"column":8},"end":{"line":7,"column":28}},"4":{"start":{"line":8,"column":8},"end":{"line":8,"column":48}},"5":{"start":{"line":9,"column":8},"end":{"line":9,"column":41}},"6":{"start":{"line":10,"column":8},"end":{"line":10,"column":48}},"7":{"start":{"line":11,"column":8},"end":{"line":11,"column":48}},"8":{"start":{"line":14,"column":8},"end":{"line":14,"column":47}},"9":{"start":{"line":17,"column":8},"end":{"line":17,"column":39}},"10":{"start":{"line":18,"column":8},"end":{"line":18,"column":20}},"11":{"start":{"line":21,"column":8},"end":{"line":21,"column":47}},"12":{"start":{"line":24,"column":8},"end":{"line":24,"column":47}},"13":{"start":{"line":27,"column":8},"end":{"line":27,"column":56}},"14":{"start":{"line":30,"column":8},"end":{"line":30,"column":46}},"15":{"start":{"line":33,"column":8},"end":{"line":33,"column":48}},"16":{"start":{"line":36,"column":8},"end":{"line":36,"column":44}},"17":{"start":{"line":39,"column":0},"end":{"line":39,"column":36}}},"fnMap":{"0":{"name":"(anonymous_0)","decl":{"start":{"line":6,"column":4},"end":{"line":6,"column":5}},"loc":{"start":{"line":6,"column":18},"end":{"line":12,"column":5}},"line":6},"1":{"name":"(anonymous_1)","decl":{"start":{"line":8,"column":38},"end":{"line":8,"column":39}},"loc":{"start":{"line":8,"column":44},"end":{"line":8,"column":47}},"line":8},"2":{"name":"(anonymous_2)","decl":{"start":{"line":10,"column":38},"end":{"line":10,"column":39}},"loc":{"start":{"line":10,"column":44},"end":{"line":10,"column":47}},"line":10},"3":{"name":"(anonymous_3)","decl":{"start":{"line":11,"column":38},"end":{"line":11,"column":39}},"loc":{"start":{"line":11,"column":44},"end":{"line":11,"column":47}},"line":11},"4":{"name":"(anonymous_4)","decl":{"start":{"line":13,"column":4},"end":{"line":13,"column":5}},"loc":{"start":{"line":13,"column":44},"end":{"line":15,"column":5}},"line":13},"5":{"name":"(anonymous_5)","decl":{"start":{"line":16,"column":4},"end":{"line":16,"column":5}},"loc":{"start":{"line":16,"column":18},"end":{"line":19,"column":5}},"line":16},"6":{"name":"(anonymous_6)","decl":{"start":{"line":20,"column":4},"end":{"line":20,"column":5}},"loc":{"start":{"line":20,"column":44},"end":{"line":22,"column":5}},"line":20},"7":{"name":"(anonymous_7)","decl":{"start":{"line":23,"column":4},"end":{"line":23,"column":5}},"loc":{"start":{"line":23,"column":44},"end":{"line":25,"column":5}},"line":23},"8":{"name":"(anonymous_8)","decl":{"start":{"line":26,"column":4},"end":{"line":26,"column":5}},"loc":{"start":{"line":26,"column":33},"end":{"line":28,"column":5}},"line":26},"9":{"name":"(anonymous_9)","decl":{"start":{"line":29,"column":4},"end":{"line":29,"column":5}},"loc":{"start":{"line":29,"column":38},"end":{"line":31,"column":5}},"line":29},"10":{"name":"(anonymous_10)","decl":{"start":{"line":32,"column":4},"end":{"line":32,"column":5}},"loc":{"start":{"line":32,"column":41},"end":{"line":34,"column":5}},"line":32},"11":{"name":"(anonymous_11)","decl":{"start":{"line":35,"column":4},"end":{"line":35,"column":5}},"loc":{"start":{"line":35,"column":34},"end":{"line":37,"column":5}},"line":35}},"branchMap":{},"s":{"0":1,"1":1,"2":1,"3":11,"4":11,"5":11,"6":11,"7":11,"8":0,"9":6,"10":6,"11":11,"12":0,"13":11,"14":1,"15":1,"16":11,"17":1},"f":{"0":11,"1":0,"2":1,"3":1,"4":0,"5":6,"6":11,"7":0,"8":11,"9":1,"10":1,"11":11},"b":{},"inputSourceMap":null,"_coverageSchema":"1a1c01bbd47fc00a2c39e90264f33305004495a9","hash":"3dbf058b973652894ad8996b9d75fa5e8d4277a6"}
,"/home/lyes/workspace/ynov/methodo_test/MachineACaf-_YNOV_M1_Lyon_2024/dist/test/utilities/HardwareMatchers.js": {"path":"/home/lyes/workspace/ynov/methodo_test/MachineACaf-_YNOV_M1_Lyon_2024/dist/test/utilities/HardwareMatchers.js","statementMap":{"0":{"start":{"line":2,"column":0},"end":{"line":2,"column":62}},"1":{"start":{"line":3,"column":18},"end":{"line":3,"column":42}},"2":{"start":{"line":4,"column":30},"end":{"line":4,"column":67}},"3":{"start":{"line":5,"column":27},"end":{"line":15,"column":1}},"4":{"start":{"line":6,"column":4},"end":{"line":7,"column":63}},"5":{"start":{"line":7,"column":8},"end":{"line":7,"column":63}},"6":{"start":{"line":8,"column":18},"end":{"line":8,"column":54}},"7":{"start":{"line":9,"column":17},"end":{"line":9,"column":27}},"8":{"start":{"line":10,"column":20},"end":{"line":10,"column":44}},"9":{"start":{"line":11,"column":4},"end":{"line":14,"column":6}},"10":{"start":{"line":12,"column":23},"end":{"line":12,"column":30}},"11":{"start":{"line":16,"column":23},"end":{"line":26,"column":1}},"12":{"start":{"line":17,"column":4},"end":{"line":18,"column":63}},"13":{"start":{"line":18,"column":8},"end":{"line":18,"column":63}},"14":{"start":{"line":19,"column":18},"end":{"line":19,"column":54}},"15":{"start":{"line":20,"column":17},"end":{"line":20,"column":27}},"16":{"start":{"line":21,"column":20},"end":{"line":21,"column":44}},"17":{"start":{"line":22,"column":4},"end":{"line":25,"column":6}},"18":{"start":{"line":23,"column":23},"end":{"line":23,"column":30}},"19":{"start":{"line":27,"column":25},"end":{"line":39,"column":1}},"20":{"start":{"line":28,"column":4},"end":{"line":29,"column":63}},"21":{"start":{"line":29,"column":8},"end":{"line":29,"column":63}},"22":{"start":{"line":30,"column":4},"end":{"line":31,"column":51}},"23":{"start":{"line":31,"column":8},"end":{"line":31,"column":51}},"24":{"start":{"line":32,"column":18},"end":{"line":32,"column":54}},"25":{"start":{"line":33,"column":17},"end":{"line":33,"column":34}},"26":{"start":{"line":34,"column":20},"end":{"line":34,"column":44}},"27":{"start":{"line":35,"column":4},"end":{"line":38,"column":6}},"28":{"start":{"line":36,"column":23},"end":{"line":36,"column":30}},"29":{"start":{"line":51,"column":0},"end":{"line":56,"column":3}}},"fnMap":{"0":{"name":"(anonymous_0)","decl":{"start":{"line":5,"column":27},"end":{"line":5,"column":28}},"loc":{"start":{"line":5,"column":45},"end":{"line":15,"column":1}},"line":5},"1":{"name":"(anonymous_1)","decl":{"start":{"line":12,"column":17},"end":{"line":12,"column":18}},"loc":{"start":{"line":12,"column":23},"end":{"line":12,"column":30}},"line":12},"2":{"name":"(anonymous_2)","decl":{"start":{"line":16,"column":23},"end":{"line":16,"column":24}},"loc":{"start":{"line":16,"column":41},"end":{"line":26,"column":1}},"line":16},"3":{"name":"(anonymous_3)","decl":{"start":{"line":23,"column":17},"end":{"line":23,"column":18}},"loc":{"start":{"line":23,"column":23},"end":{"line":23,"column":30}},"line":23},"4":{"name":"(anonymous_4)","decl":{"start":{"line":27,"column":25},"end":{"line":27,"column":26}},"loc":{"start":{"line":27,"column":53},"end":{"line":39,"column":1}},"line":27},"5":{"name":"(anonymous_5)","decl":{"start":{"line":36,"column":17},"end":{"line":36,"column":18}},"loc":{"start":{"line":36,"column":23},"end":{"line":36,"column":30}},"line":36}},"branchMap":{"0":{"loc":{"start":{"line":6,"column":4},"end":{"line":7,"column":63}},"type":"if","locations":[{"start":{"line":6,"column":4},"end":{"line":7,"column":63}},{"start":{},"end":{}}],"line":6},"1":{"loc":{"start":{"line":17,"column":4},"end":{"line":18,"column":63}},"type":"if","locations":[{"start":{"line":17,"column":4},"end":{"line":18,"column":63}},{"start":{},"end":{}}],"line":17},"2":{"loc":{"start":{"line":28,"column":4},"end":{"line":29,"column":63}},"type":"if","locations":[{"start":{"line":28,"column":4},"end":{"line":29,"column":63}},{"start":{},"end":{}}],"line":28},"3":{"loc":{"start":{"line":30,"column":4},"end":{"line":31,"column":51}},"type":"if","locations":[{"start":{"line":30,"column":4},"end":{"line":31,"column":51}},{"start":{},"end":{}}],"line":30}},"s":{"0":1,"1":1,"2":1,"3":1,"4":5,"5":0,"6":5,"7":5,"8":5,"9":5,"10":0,"11":1,"12":5,"13":0,"14":5,"15":5,"16":5,"17":5,"18":1,"19":1,"20":1,"21":0,"22":1,"23":0,"24":1,"25":1,"26":1,"27":1,"28":0,"29":1},"f":{"0":5,"1":0,"2":5,"3":1,"4":1,"5":0},"b":{"0":[0,5],"1":[0,5],"2":[0,1],"3":[0,1]},"inputSourceMap":null,"_coverageSchema":"1a1c01bbd47fc00a2c39e90264f33305004495a9","hash":"8a01502955eb8ea2a49070d32eaf4d5446d54820"}
,"/home/lyes/workspace/ynov/methodo_test/MachineACaf-_YNOV_M1_Lyon_2024/dist/test/utilities/MachineACaféBuilder.js": {"path":"/home/lyes/workspace/ynov/methodo_test/MachineACaf-_YNOV_M1_Lyon_2024/dist/test/utilities/MachineACaféBuilder.js","statementMap":{"0":{"start":{"line":2,"column":0},"end":{"line":2,"column":62}},"1":{"start":{"line":3,"column":0},"end":{"line":3,"column":37}},"2":{"start":{"line":4,"column":30},"end":{"line":4,"column":67}},"3":{"start":{"line":5,"column":23},"end":{"line":5,"column":48}},"4":{"start":{"line":8,"column":8},"end":{"line":8,"column":49}},"5":{"start":{"line":11,"column":23},"end":{"line":11,"column":56}},"6":{"start":{"line":12,"column":8},"end":{"line":12,"column":71}},"7":{"start":{"line":15,"column":0},"end":{"line":15,"column":50}}},"fnMap":{"0":{"name":"(anonymous_0)","decl":{"start":{"line":7,"column":4},"end":{"line":7,"column":5}},"loc":{"start":{"line":7,"column":23},"end":{"line":9,"column":5}},"line":7},"1":{"name":"(anonymous_1)","decl":{"start":{"line":10,"column":4},"end":{"line":10,"column":5}},"loc":{"start":{"line":10,"column":12},"end":{"line":13,"column":5}},"line":10}},"branchMap":{},"s":{"0":1,"1":1,"2":1,"3":1,"4":11,"5":11,"6":11,"7":1},"f":{"0":11,"1":11},"b":{},"inputSourceMap":null,"_coverageSchema":"1a1c01bbd47fc00a2c39e90264f33305004495a9","hash":"9531ccb63cfab98ecb337cbe7b6fb01e75a9a786"}
,"/home/lyes/workspace/ynov/methodo_test/MachineACaf-_YNOV_M1_Lyon_2024/dist/test/utilities/MachineACaféHarness.js": {"path":"/home/lyes/workspace/ynov/methodo_test/MachineACaf-_YNOV_M1_Lyon_2024/dist/test/utilities/MachineACaféHarness.js","statementMap":{"0":{"start":{"line":2,"column":0},"end":{"line":2,"column":62}},"1":{"start":{"line":3,"column":0},"end":{"line":3,"column":37}},"2":{"start":{"line":4,"column":22},"end":{"line":4,"column":60}},"3":{"start":{"line":7,"column":8},"end":{"line":7,"column":66}},"4":{"start":{"line":10,"column":8},"end":{"line":10,"column":24}},"5":{"start":{"line":11,"column":8},"end":{"line":11,"column":33}},"6":{"start":{"line":14,"column":8},"end":{"line":14,"column":51}},"7":{"start":{"line":17,"column":8},"end":{"line":17,"column":59}},"8":{"start":{"line":20,"column":8},"end":{"line":20,"column":56}},"9":{"start":{"line":23,"column":0},"end":{"line":23,"column":50}}},"fnMap":{"0":{"name":"(anonymous_0)","decl":{"start":{"line":6,"column":4},"end":{"line":6,"column":5}},"loc":{"start":{"line":6,"column":41},"end":{"line":8,"column":5}},"line":6},"1":{"name":"(anonymous_1)","decl":{"start":{"line":9,"column":4},"end":{"line":9,"column":5}},"loc":{"start":{"line":9,"column":26},"end":{"line":12,"column":5}},"line":9},"2":{"name":"(anonymous_2)","decl":{"start":{"line":13,"column":4},"end":{"line":13,"column":5}},"loc":{"start":{"line":13,"column":33},"end":{"line":15,"column":5}},"line":13},"3":{"name":"(anonymous_3)","decl":{"start":{"line":16,"column":4},"end":{"line":16,"column":5}},"loc":{"start":{"line":16,"column":34},"end":{"line":18,"column":5}},"line":16},"4":{"name":"(anonymous_4)","decl":{"start":{"line":19,"column":4},"end":{"line":19,"column":5}},"loc":{"start":{"line":19,"column":37},"end":{"line":21,"column":5}},"line":19}},"branchMap":{},"s":{"0":1,"1":1,"2":1,"3":1,"4":11,"5":11,"6":11,"7":11,"8":1,"9":1},"f":{"0":1,"1":11,"2":11,"3":11,"4":1},"b":{},"inputSourceMap":null,"_coverageSchema":"1a1c01bbd47fc00a2c39e90264f33305004495a9","hash":"566332fb77d3cb66708df1aa0f503c01c4029b26"}
,"/home/lyes/workspace/ynov/methodo_test/MachineACaf-_YNOV_M1_Lyon_2024/src/MachineACafé.ts": {"path":"/home/lyes/workspace/ynov/methodo_test/MachineACaf-_YNOV_M1_Lyon_2024/src/MachineACafé.ts","statementMap":{"0":{"start":{"line":1,"column":0},"end":{"line":1,"column":32}},"1":{"start":{"line":7,"column":2},"end":{"line":7,"column":39}},"2":{"start":{"line":8,"column":2},"end":{"line":8,"column":28}},"3":{"start":{"line":11,"column":4},"end":{"line":13,"column":7}},"4":{"start":{"line":12,"column":6},"end":{"line":12,"column":41}},"5":{"start":{"line":19,"column":4},"end":{"line":19,"column":30}},"6":{"start":{"line":25,"column":4},"end":{"line":25,"column":62}},"7":{"start":{"line":25,"column":55},"end":{"line":25,"column":62}},"8":{"start":{"line":26,"column":4},"end":{"line":26,"column":33}},"9":{"start":{"line":27,"column":4},"end":{"line":27,"column":56}},"10":{"start":{"line":31,"column":4},"end":{"line":31,"column":47}},"11":{"start":{"line":4,"column":0},"end":{"line":4,"column":13}},"12":{"start":{"line":22,"column":26},"end":{"line":22,"column":39}}},"fnMap":{"0":{"name":"(anonymous_0)","decl":{"start":{"line":10,"column":2},"end":{"line":10,"column":14}},"loc":{"start":{"line":10,"column":41},"end":{"line":20,"column":3}}},"1":{"name":"(anonymous_1)","decl":{"start":{"line":11,"column":43},"end":{"line":11,"column":44}},"loc":{"start":{"line":11,"column":63},"end":{"line":13,"column":5}}},"2":{"name":"(anonymous_2)","decl":{"start":{"line":24,"column":10},"end":{"line":24,"column":17}},"loc":{"start":{"line":24,"column":30},"end":{"line":28,"column":3}}},"3":{"name":"(anonymous_3)","decl":{"start":{"line":30,"column":9},"end":{"line":30,"column":29}},"loc":{"start":{"line":30,"column":29},"end":{"line":32,"column":3}}}},"branchMap":{"0":{"loc":{"start":{"line":25,"column":4},"end":{"line":25,"column":62}},"type":"if","locations":[{"start":{"line":25,"column":4},"end":{"line":25,"column":62}}]}},"s":{"0":1,"1":12,"2":12,"3":12,"4":13,"5":12,"6":13,"7":5,"8":8,"9":8,"10":0,"11":1,"12":1},"f":{"0":12,"1":13,"2":13,"3":0},"b":{"0":[5]}}
,"/home/lyes/workspace/ynov/methodo_test/MachineACaf-_YNOV_M1_Lyon_2024/src/Pièce.ts": {"path":"/home/lyes/workspace/ynov/methodo_test/MachineACaf-_YNOV_M1_Lyon_2024/src/Pièce.ts","statementMap":{"0":{"start":{"line":13,"column":8},"end":{"line":13,"column":29}},"1":{"start":{"line":17,"column":8},"end":{"line":17,"column":32}},"2":{"start":{"line":21,"column":8},"end":{"line":21,"column":49}},"3":{"start":{"line":25,"column":8},"end":{"line":25,"column":48}},"4":{"start":{"line":29,"column":8},"end":{"line":48,"column":9}},"5":{"start":{"line":31,"column":16},"end":{"line":31,"column":null}},"6":{"start":{"line":33,"column":16},"end":{"line":33,"column":null}},"7":{"start":{"line":35,"column":16},"end":{"line":35,"column":null}},"8":{"start":{"line":37,"column":16},"end":{"line":37,"column":null}},"9":{"start":{"line":39,"column":16},"end":{"line":39,"column":null}},"10":{"start":{"line":41,"column":16},"end":{"line":41,"column":null}},"11":{"start":{"line":43,"column":16},"end":{"line":43,"column":null}},"12":{"start":{"line":45,"column":16},"end":{"line":45,"column":null}},"13":{"start":{"line":47,"column":16},"end":{"line":47,"column":null}},"14":{"start":{"line":1,"column":0},"end":{"line":1,"column":13}},"15":{"start":{"line":2,"column":11},"end":{"line":2,"column":45}},"16":{"start":{"line":3,"column":11},"end":{"line":3,"column":42}},"17":{"start":{"line":4,"column":11},"end":{"line":4,"column":52}},"18":{"start":{"line":5,"column":11},"end":{"line":5,"column":48}},"19":{"start":{"line":6,"column":11},"end":{"line":6,"column":46}},"20":{"start":{"line":7,"column":11},"end":{"line":7,"column":46}},"21":{"start":{"line":8,"column":11},"end":{"line":8,"column":46}},"22":{"start":{"line":9,"column":11},"end":{"line":9,"column":43}}},"fnMap":{"0":{"name":"(anonymous_0)","decl":{"start":{"line":12,"column":4},"end":{"line":12,"column":14}},"loc":{"start":{"line":12,"column":14},"end":{"line":14,"column":5}}},"1":{"name":"(anonymous_1)","decl":{"start":{"line":16,"column":4},"end":{"line":16,"column":24}},"loc":{"start":{"line":16,"column":39},"end":{"line":18,"column":5}}},"2":{"name":"(anonymous_2)","decl":{"start":{"line":20,"column":4},"end":{"line":20,"column":18}},"loc":{"start":{"line":20,"column":34},"end":{"line":22,"column":5}}},"3":{"name":"(anonymous_3)","decl":{"start":{"line":24,"column":11},"end":{"line":24,"column":19}},"loc":{"start":{"line":24,"column":19},"end":{"line":26,"column":5}}},"4":{"name":"(anonymous_4)","decl":{"start":{"line":28,"column":4},"end":{"line":28,"column":10}},"loc":{"start":{"line":28,"column":32},"end":{"line":49,"column":5}}}},"branchMap":{"0":{"loc":{"start":{"line":29,"column":8},"end":{"line":48,"column":9}},"type":"switch","locations":[{"start":{"line":30,"column":12},"end":{"line":31,"column":null}},{"start":{"line":32,"column":12},"end":{"line":33,"column":null}},{"start":{"line":34,"column":12},"end":{"line":35,"column":null}},{"start":{"line":36,"column":12},"end":{"line":37,"column":null}},{"start":{"line":38,"column":12},"end":{"line":39,"column":null}},{"start":{"line":40,"column":12},"end":{"line":41,"column":null}},{"start":{"line":42,"column":12},"end":{"line":43,"column":null}},{"start":{"line":44,"column":12},"end":{"line":45,"column":null}},{"start":{"line":46,"column":12},"end":{"line":47,"column":null}}]}},"s":{"0":24,"1":8,"2":13,"3":8,"4":13,"5":1,"6":1,"7":1,"8":1,"9":1,"10":6,"11":1,"12":1,"13":0,"14":1,"15":1,"16":1,"17":1,"18":1,"19":1,"20":1,"21":1,"22":1},"f":{"0":24,"1":8,"2":13,"3":8,"4":13},"b":{"0":[1,1,1,1,1,6,1,1,0]}}
,"/home/lyes/workspace/ynov/methodo_test/MachineACaf-_YNOV_M1_Lyon_2024/test/utilities/HardwareDummy.ts": {"path":"/home/lyes/workspace/ynov/methodo_test/MachineACaf-_YNOV_M1_Lyon_2024/test/utilities/HardwareDummy.ts","statementMap":{"0":{"start":{"line":7,"column":4},"end":{"line":7,"column":47}},"1":{"start":{"line":10,"column":4},"end":{"line":10,"column":47}},"2":{"start":{"line":13,"column":4},"end":{"line":13,"column":47}},"3":{"start":{"line":16,"column":4},"end":{"line":16,"column":47}},"4":{"start":{"line":19,"column":4},"end":{"line":19,"column":47}},"5":{"start":{"line":22,"column":4},"end":{"line":22,"column":47}},"6":{"start":{"line":25,"column":4},"end":{"line":25,"column":47}},"7":{"start":{"line":30,"column":4},"end":{"line":30,"column":47}},"8":{"start":{"line":33,"column":4},"end":{"line":33,"column":47}},"9":{"start":{"line":36,"column":4},"end":{"line":36,"column":47}},"10":{"start":{"line":39,"column":4},"end":{"line":39,"column":47}},"11":{"start":{"line":42,"column":4},"end":{"line":42,"column":47}},"12":{"start":{"line":47,"column":4},"end":{"line":47,"column":47}},"13":{"start":{"line":50,"column":4},"end":{"line":50,"column":47}},"14":{"start":{"line":53,"column":4},"end":{"line":53,"column":47}},"15":{"start":{"line":56,"column":4},"end":{"line":56,"column":47}},"16":{"start":{"line":59,"column":4},"end":{"line":59,"column":47}},"17":{"start":{"line":62,"column":4},"end":{"line":62,"column":47}},"18":{"start":{"line":65,"column":4},"end":{"line":65,"column":47}},"19":{"start":{"line":5,"column":0},"end":{"line":5,"column":13}}},"fnMap":{"0":{"name":"(anonymous_0)","decl":{"start":{"line":6,"column":2},"end":{"line":6,"column":26}},"loc":{"start":{"line":6,"column":50},"end":{"line":8,"column":3}}},"1":{"name":"(anonymous_1)","decl":{"start":{"line":9,"column":2},"end":{"line":9,"column":25}},"loc":{"start":{"line":9,"column":43},"end":{"line":11,"column":3}}},"2":{"name":"(anonymous_2)","decl":{"start":{"line":12,"column":2},"end":{"line":12,"column":31}},"loc":{"start":{"line":12,"column":69},"end":{"line":14,"column":3}}},"3":{"name":"(anonymous_3)","decl":{"start":{"line":15,"column":2},"end":{"line":15,"column":14}},"loc":{"start":{"line":15,"column":35},"end":{"line":17,"column":3}}},"4":{"name":"(anonymous_4)","decl":{"start":{"line":18,"column":2},"end":{"line":18,"column":15}},"loc":{"start":{"line":18,"column":15},"end":{"line":20,"column":3}}},"5":{"name":"(anonymous_5)","decl":{"start":{"line":21,"column":2},"end":{"line":21,"column":23}},"loc":{"start":{"line":21,"column":36},"end":{"line":23,"column":3}}},"6":{"name":"(anonymous_6)","decl":{"start":{"line":24,"column":2},"end":{"line":24,"column":29}},"loc":{"start":{"line":24,"column":29},"end":{"line":26,"column":3}}},"7":{"name":"(anonymous_7)","decl":{"start":{"line":27,"column":2},"end":{"line":27,"column":31}},"loc":{"start":{"line":28,"column":44},"end":{"line":31,"column":3}}},"8":{"name":"(anonymous_8)","decl":{"start":{"line":32,"column":2},"end":{"line":32,"column":18}},"loc":{"start":{"line":32,"column":18},"end":{"line":34,"column":3}}},"9":{"name":"(anonymous_9)","decl":{"start":{"line":35,"column":2},"end":{"line":35,"column":20}},"loc":{"start":{"line":35,"column":20},"end":{"line":37,"column":3}}},"10":{"name":"(anonymous_10)","decl":{"start":{"line":38,"column":2},"end":{"line":38,"column":14}},"loc":{"start":{"line":38,"column":14},"end":{"line":40,"column":3}}},"11":{"name":"(anonymous_11)","decl":{"start":{"line":41,"column":2},"end":{"line":41,"column":12}},"loc":{"start":{"line":41,"column":12},"end":{"line":43,"column":3}}},"12":{"name":"(anonymous_12)","decl":{"start":{"line":44,"column":2},"end":{"line":44,"column":31}},"loc":{"start":{"line":45,"column":47},"end":{"line":48,"column":3}}},"13":{"name":"(anonymous_13)","decl":{"start":{"line":49,"column":2},"end":{"line":49,"column":25}},"loc":{"start":{"line":49,"column":40},"end":{"line":51,"column":3}}},"14":{"name":"(anonymous_14)","decl":{"start":{"line":52,"column":2},"end":{"line":52,"column":13}},"loc":{"start":{"line":52,"column":13},"end":{"line":54,"column":3}}},"15":{"name":"(anonymous_15)","decl":{"start":{"line":55,"column":2},"end":{"line":55,"column":14}},"loc":{"start":{"line":55,"column":14},"end":{"line":57,"column":3}}},"16":{"name":"(anonymous_16)","decl":{"start":{"line":58,"column":2},"end":{"line":58,"column":10}},"loc":{"start":{"line":58,"column":10},"end":{"line":60,"column":3}}},"17":{"name":"(anonymous_17)","decl":{"start":{"line":61,"column":2},"end":{"line":61,"column":11}},"loc":{"start":{"line":61,"column":11},"end":{"line":63,"column":3}}},"18":{"name":"(anonymous_18)","decl":{"start":{"line":64,"column":2},"end":{"line":64,"column":11}},"loc":{"start":{"line":64,"column":11},"end":{"line":66,"column":3}}}},"branchMap":{},"s":{"0":0,"1":0,"2":0,"3":0,"4":0,"5":0,"6":0,"7":0,"8":0,"9":0,"10":0,"11":0,"12":0,"13":0,"14":0,"15":0,"16":0,"17":0,"18":0,"19":1},"f":{"0":0,"1":0,"2":0,"3":0,"4":0,"5":0,"6":0,"7":0,"8":0,"9":0,"10":0,"11":0,"12":0,"13":0,"14":0,"15":0,"16":0,"17":0,"18":0},"b":{}}
,"/home/lyes/workspace/ynov/methodo_test/MachineACaf-_YNOV_M1_Lyon_2024/test/utilities/HardwareFake.ts": {"path":"/home/lyes/workspace/ynov/methodo_test/MachineACaf-_YNOV_M1_Lyon_2024/test/utilities/HardwareFake.ts","statementMap":{"0":{"start":{"line":6,"column":0},"end":{"line":6,"column":48}},"1":{"start":{"line":16,"column":10},"end":{"line":16,"column":73}},"2":{"start":{"line":17,"column":10},"end":{"line":17,"column":46}},"3":{"start":{"line":18,"column":10},"end":{"line":18,"column":73}},"4":{"start":{"line":19,"column":10},"end":{"line":19,"column":79}},"5":{"start":{"line":24,"column":4},"end":{"line":24,"column":43}},"6":{"start":{"line":28,"column":4},"end":{"line":28,"column":35}},"7":{"start":{"line":29,"column":4},"end":{"line":29,"column":16}},"8":{"start":{"line":33,"column":4},"end":{"line":33,"column":43}},"9":{"start":{"line":37,"column":4},"end":{"line":37,"column":43}},"10":{"start":{"line":41,"column":4},"end":{"line":41,"column":52}},"11":{"start":{"line":45,"column":4},"end":{"line":45,"column":42}},"12":{"start":{"line":49,"column":4},"end":{"line":49,"column":44}},"13":{"start":{"line":53,"column":4},"end":{"line":53,"column":40}},"14":{"start":{"line":15,"column":0},"end":{"line":15,"column":13}}},"fnMap":{"0":{"name":"(anonymous_0)","decl":{"start":{"line":15,"column":0},"end":{"line":15,"column":13}},"loc":{"start":{"line":15,"column":0},"end":{"line":55,"column":1}}},"1":{"name":"(anonymous_1)","decl":{"start":{"line":16,"column":64},"end":{"line":16,"column":67}},"loc":{"start":{"line":16,"column":69},"end":{"line":16,"column":72}}},"2":{"name":"(anonymous_2)","decl":{"start":{"line":18,"column":64},"end":{"line":18,"column":67}},"loc":{"start":{"line":18,"column":69},"end":{"line":18,"column":72}}},"3":{"name":"(anonymous_3)","decl":{"start":{"line":19,"column":70},"end":{"line":19,"column":73}},"loc":{"start":{"line":19,"column":75},"end":{"line":19,"column":78}}},"4":{"name":"(anonymous_4)","decl":{"start":{"line":21,"column":9},"end":{"line":21,"column":38}},"loc":{"start":{"line":22,"column":47},"end":{"line":25,"column":3}}},"5":{"name":"(anonymous_5)","decl":{"start":{"line":27,"column":2},"end":{"line":27,"column":13}},"loc":{"start":{"line":27,"column":13},"end":{"line":30,"column":3}}},"6":{"name":"(anonymous_6)","decl":{"start":{"line":32,"column":2},"end":{"line":32,"column":31}},"loc":{"start":{"line":32,"column":69},"end":{"line":34,"column":3}}},"7":{"name":"(anonymous_7)","decl":{"start":{"line":36,"column":2},"end":{"line":36,"column":31}},"loc":{"start":{"line":36,"column":69},"end":{"line":38,"column":3}}},"8":{"name":"(anonymous_8)","decl":{"start":{"line":40,"column":9},"end":{"line":40,"column":30}},"loc":{"start":{"line":40,"column":43},"end":{"line":42,"column":3}}},"9":{"name":"(anonymous_9)","decl":{"start":{"line":44,"column":2},"end":{"line":44,"column":25}},"loc":{"start":{"line":44,"column":43},"end":{"line":46,"column":3}}},"10":{"name":"(anonymous_10)","decl":{"start":{"line":48,"column":9},"end":{"line":48,"column":33}},"loc":{"start":{"line":48,"column":52},"end":{"line":50,"column":3}}},"11":{"name":"(anonymous_11)","decl":{"start":{"line":52,"column":9},"end":{"line":52,"column":36}},"loc":{"start":{"line":52,"column":36},"end":{"line":54,"column":3}}}},"branchMap":{},"s":{"0":1,"1":12,"2":12,"3":12,"4":12,"5":0,"6":8,"7":8,"8":12,"9":0,"10":13,"11":6,"12":0,"13":12,"14":1},"f":{"0":12,"1":0,"2":6,"3":0,"4":0,"5":8,"6":12,"7":0,"8":13,"9":6,"10":0,"11":12},"b":{}}
,"/home/lyes/workspace/ynov/methodo_test/MachineACaf-_YNOV_M1_Lyon_2024/test/utilities/HardwareMatchers.ts": {"path":"/home/lyes/workspace/ynov/methodo_test/MachineACaf-_YNOV_M1_Lyon_2024/test/utilities/HardwareMatchers.ts","statementMap":{"0":{"start":{"line":1,"column":0},"end":{"line":1,"column":39}},"1":{"start":{"line":3,"column":0},"end":{"line":3,"column":60}},"2":{"start":{"line":5,"column":44},"end":{"line":17,"column":1}},"3":{"start":{"line":6,"column":2},"end":{"line":7,"column":59}},"4":{"start":{"line":7,"column":4},"end":{"line":7,"column":59}},"5":{"start":{"line":9,"column":16},"end":{"line":9,"column":52}},"6":{"start":{"line":10,"column":15},"end":{"line":10,"column":25}},"7":{"start":{"line":11,"column":18},"end":{"line":11,"column":42}},"8":{"start":{"line":13,"column":2},"end":{"line":16,"column":4}},"9":{"start":{"line":14,"column":19},"end":{"line":14,"column":26}},"10":{"start":{"line":19,"column":40},"end":{"line":31,"column":1}},"11":{"start":{"line":20,"column":2},"end":{"line":21,"column":59}},"12":{"start":{"line":21,"column":4},"end":{"line":21,"column":59}},"13":{"start":{"line":23,"column":16},"end":{"line":23,"column":52}},"14":{"start":{"line":24,"column":15},"end":{"line":24,"column":25}},"15":{"start":{"line":25,"column":18},"end":{"line":25,"column":42}},"16":{"start":{"line":27,"column":2},"end":{"line":30,"column":4}},"17":{"start":{"line":28,"column":19},"end":{"line":28,"column":26}},"18":{"start":{"line":33,"column":63},"end":{"line":50,"column":1}},"19":{"start":{"line":37,"column":2},"end":{"line":38,"column":59}},"20":{"start":{"line":38,"column":4},"end":{"line":38,"column":59}},"21":{"start":{"line":40,"column":2},"end":{"line":40,"column":78}},"22":{"start":{"line":40,"column":35},"end":{"line":40,"column":78}},"23":{"start":{"line":42,"column":16},"end":{"line":42,"column":52}},"24":{"start":{"line":43,"column":15},"end":{"line":43,"column":32}},"25":{"start":{"line":44,"column":18},"end":{"line":44,"column":42}},"26":{"start":{"line":46,"column":2},"end":{"line":49,"column":4}},"27":{"start":{"line":47,"column":19},"end":{"line":47,"column":26}},"28":{"start":{"line":66,"column":0},"end":{"line":71,"column":3}}},"fnMap":{"0":{"name":"(anonymous_0)","decl":{"start":{"line":5,"column":44},"end":{"line":5,"column":54}},"loc":{"start":{"line":5,"column":69},"end":{"line":17,"column":1}}},"1":{"name":"(anonymous_1)","decl":{"start":{"line":14,"column":13},"end":{"line":14,"column":16}},"loc":{"start":{"line":14,"column":19},"end":{"line":14,"column":26}}},"2":{"name":"(anonymous_2)","decl":{"start":{"line":19,"column":40},"end":{"line":19,"column":50}},"loc":{"start":{"line":19,"column":65},"end":{"line":31,"column":1}}},"3":{"name":"(anonymous_3)","decl":{"start":{"line":28,"column":13},"end":{"line":28,"column":16}},"loc":{"start":{"line":28,"column":19},"end":{"line":28,"column":26}}},"4":{"name":"(anonymous_4)","decl":{"start":{"line":33,"column":63},"end":{"line":33,"column":null}},"loc":{"start":{"line":35,"column":19},"end":{"line":50,"column":1}}},"5":{"name":"(anonymous_5)","decl":{"start":{"line":47,"column":13},"end":{"line":47,"column":16}},"loc":{"start":{"line":47,"column":19},"end":{"line":47,"column":26}}}},"branchMap":{"0":{"loc":{"start":{"line":6,"column":2},"end":{"line":7,"column":59}},"type":"if","locations":[{"start":{"line":6,"column":2},"end":{"line":7,"column":59}}]},"1":{"loc":{"start":{"line":20,"column":2},"end":{"line":21,"column":59}},"type":"if","locations":[{"start":{"line":20,"column":2},"end":{"line":21,"column":59}}]},"2":{"loc":{"start":{"line":37,"column":2},"end":{"line":38,"column":59}},"type":"if","locations":[{"start":{"line":37,"column":2},"end":{"line":38,"column":59}}]},"3":{"loc":{"start":{"line":40,"column":2},"end":{"line":40,"column":78}},"type":"if","locations":[{"start":{"line":40,"column":2},"end":{"line":40,"column":78}}]}},"s":{"0":1,"1":1,"2":1,"3":5,"4":0,"5":5,"6":5,"7":5,"8":5,"9":0,"10":1,"11":6,"12":0,"13":6,"14":6,"15":6,"16":6,"17":0,"18":1,"19":1,"20":0,"21":1,"22":0,"23":1,"24":1,"25":1,"26":1,"27":0,"28":1},"f":{"0":5,"1":0,"2":6,"3":0,"4":1,"5":0},"b":{"0":[0],"1":[0],"2":[0],"3":[0]}}
,"/home/lyes/workspace/ynov/methodo_test/MachineACaf-_YNOV_M1_Lyon_2024/test/utilities/MachineACaféBuilder.ts": {"path":"/home/lyes/workspace/ynov/methodo_test/MachineACaf-_YNOV_M1_Lyon_2024/test/utilities/MachineACaféBuilder.ts","statementMap":{"0":{"start":{"line":1,"column":0},"end":{"line":1,"column":60}},"1":{"start":{"line":2,"column":0},"end":{"line":2,"column":69}},"2":{"start":{"line":6,"column":4},"end":{"line":6,"column":45}},"3":{"start":{"line":10,"column":42},"end":{"line":10,"column":60}},"4":{"start":{"line":11,"column":4},"end":{"line":11,"column":45}},"5":{"start":{"line":4,"column":0},"end":{"line":4,"column":13}}},"fnMap":{"0":{"name":"(anonymous_0)","decl":{"start":{"line":5,"column":9},"end":{"line":5,"column":15}},"loc":{"start":{"line":5,"column":25},"end":{"line":7,"column":3}}},"1":{"name":"(anonymous_1)","decl":{"start":{"line":9,"column":9},"end":{"line":9,"column":14}},"loc":{"start":{"line":9,"column":14},"end":{"line":12,"column":3}}}},"branchMap":{},"s":{"0":1,"1":1,"2":12,"3":12,"4":12,"5":1},"f":{"0":12,"1":12},"b":{}}
,"/home/lyes/workspace/ynov/methodo_test/MachineACaf-_YNOV_M1_Lyon_2024/test/utilities/MachineACaféHarness.ts": {"path":"/home/lyes/workspace/ynov/methodo_test/MachineACaf-_YNOV_M1_Lyon_2024/test/utilities/MachineACaféHarness.ts","statementMap":{"0":{"start":{"line":1,"column":0},"end":{"line":1,"column":54}},"1":{"start":{"line":7,"column":4},"end":{"line":7,"column":62}},"2":{"start":{"line":12,"column":4},"end":{"line":12,"column":20}},"3":{"start":{"line":13,"column":4},"end":{"line":13,"column":29}},"4":{"start":{"line":17,"column":4},"end":{"line":17,"column":47}},"5":{"start":{"line":21,"column":4},"end":{"line":21,"column":55}},"6":{"start":{"line":25,"column":4},"end":{"line":25,"column":52}},"7":{"start":{"line":5,"column":0},"end":{"line":5,"column":13}}},"fnMap":{"0":{"name":"(anonymous_0)","decl":{"start":{"line":6,"column":2},"end":{"line":6,"column":26}},"loc":{"start":{"line":6,"column":45},"end":{"line":8,"column":3}}},"1":{"name":"(anonymous_1)","decl":{"start":{"line":11,"column":2},"end":{"line":11,"column":21}},"loc":{"start":{"line":11,"column":52},"end":{"line":14,"column":3}}},"2":{"name":"(anonymous_2)","decl":{"start":{"line":16,"column":9},"end":{"line":16,"column":30}},"loc":{"start":{"line":16,"column":43},"end":{"line":18,"column":3}}},"3":{"name":"(anonymous_3)","decl":{"start":{"line":20,"column":9},"end":{"line":20,"column":36}},"loc":{"start":{"line":20,"column":36},"end":{"line":22,"column":3}}},"4":{"name":"(anonymous_4)","decl":{"start":{"line":24,"column":9},"end":{"line":24,"column":31}},"loc":{"start":{"line":24,"column":49},"end":{"line":26,"column":3}}}},"branchMap":{},"s":{"0":1,"1":0,"2":12,"3":12,"4":13,"5":12,"6":6,"7":1},"f":{"0":0,"1":12,"2":13,"3":12,"4":6},"b":{}}
}
